INFO  time: initialize in 1.43s
WARN  no build target: /home/yanjie/Documents/GitHub/Movie-Recommender-System/web-app/app/models/Movie.scala
WARN  no build target: /home/yanjie/Documents/GitHub/Movie-Recommender-System/web-app/app/models/Movie.scala
INFO  no build target: using presentation compiler with only scala-library
WARN  no build target: /home/yanjie/Documents/GitHub/Movie-Recommender-System/web-app/app/models/Movie.scala
WARN  no build target: /home/yanjie/Documents/GitHub/Movie-Recommender-System/web-app/app/models/Movie.scala
WARN  no build target: /home/yanjie/Documents/GitHub/Movie-Recommender-System/web-app/app/models/Movie.scala
WARN  no build target: /home/yanjie/Documents/GitHub/Movie-Recommender-System/web-app/app/models/Movie.scala
WARN  no build target: /home/yanjie/Documents/GitHub/Movie-Recommender-System/web-app/app/models/Movie.scala
WARN  no build target: /home/yanjie/Documents/GitHub/Movie-Recommender-System/web-app/app/models/Movie.scala
WARN  no build target: /home/yanjie/Documents/GitHub/Movie-Recommender-System/web-app/app/controllers/MovieController.scala
WARN  no build target: /home/yanjie/Documents/GitHub/Movie-Recommender-System/web-app/app/controllers/MovieController.scala
WARN  no build target: /home/yanjie/Documents/GitHub/Movie-Recommender-System/web-app/app/controllers/HomeController.scala
WARN  no build target: /home/yanjie/Documents/GitHub/Movie-Recommender-System/web-app/app/controllers/MovieController.scala
WARN  code navigation does not work for the file '/home/yanjie/Documents/GitHub/Movie-Recommender-System/web-app/app/controllers/MovieController.scala' because it doesn't belong to a build target.
WARN  code navigation does not work for the file '/home/yanjie/Documents/GitHub/Movie-Recommender-System/web-app/app/controllers/MovieController.scala' because it doesn't belong to a build target.
WARN  no build target: /home/yanjie/Documents/GitHub/Movie-Recommender-System/web-app/app/controllers/MovieController.scala
WARN  code navigation does not work for the file '/home/yanjie/Documents/GitHub/Movie-Recommender-System/web-app/app/controllers/MovieController.scala' because it doesn't belong to a build target.
WARN  code navigation does not work for the file '/home/yanjie/Documents/GitHub/Movie-Recommender-System/web-app/app/controllers/MovieController.scala' because it doesn't belong to a build target.
WARN  no build target: /home/yanjie/Documents/GitHub/Movie-Recommender-System/web-app/app/controllers/MovieController.scala
WARN  code navigation does not work for the file '/home/yanjie/Documents/GitHub/Movie-Recommender-System/web-app/app/controllers/MovieController.scala' because it doesn't belong to a build target.
WARN  code navigation does not work for the file '/home/yanjie/Documents/GitHub/Movie-Recommender-System/web-app/app/controllers/MovieController.scala' because it doesn't belong to a build target.
WARN  code navigation does not work for the file '/home/yanjie/Documents/GitHub/Movie-Recommender-System/web-app/app/controllers/MovieController.scala' because it doesn't belong to a build target.
WARN  code navigation does not work for the file '/home/yanjie/Documents/GitHub/Movie-Recommender-System/web-app/app/controllers/MovieController.scala' because it doesn't belong to a build target.
Jul 29, 2019 11:32:07 AM scala.meta.internal.pc.CompilerAccess handleError
SEVERE: null
java.lang.NullPointerException
	at scala.meta.internal.pc.HoverProvider.hover(HoverProvider.scala:37)

WARN  no build target: /home/yanjie/Documents/GitHub/Movie-Recommender-System/web-app/app/dao/MovieDao.scala
WARN  no build target: /home/yanjie/Documents/GitHub/Movie-Recommender-System/web-app/app/dao/MovieDao.scala
WARN  no build target: /home/yanjie/Documents/GitHub/Movie-Recommender-System/web-app/app/controllers/MovieController.scala
WARN  no build target: /home/yanjie/Documents/GitHub/Movie-Recommender-System/web-app/app/controllers/MovieController.scala
WARN  no build target: /home/yanjie/Documents/GitHub/Movie-Recommender-System/web-app/app/controllers/MovieController.scala
WARN  code navigation does not work for the file '/home/yanjie/Documents/GitHub/Movie-Recommender-System/web-app/app/controllers/MovieController.scala' because it doesn't belong to a build target.
WARN  code navigation does not work for the file '/home/yanjie/Documents/GitHub/Movie-Recommender-System/web-app/app/controllers/MovieController.scala' because it doesn't belong to a build target.
WARN  no build target: /home/yanjie/Documents/GitHub/Movie-Recommender-System/web-app/app/controllers/MovieController.scala
WARN  no build target: /home/yanjie/Documents/GitHub/Movie-Recommender-System/web-app/app/dao/MovieDao.scala
WARN  no build target: /home/yanjie/Documents/GitHub/Movie-Recommender-System/web-app/app/dao/ResourceHandler.scala
WARN  no build target: /home/yanjie/Documents/GitHub/Movie-Recommender-System/web-app/app/dao/ResourceHandler.scala
WARN  code navigation does not work for the file '/home/yanjie/Documents/GitHub/Movie-Recommender-System/web-app/app/dao/ResourceHandler.scala' because it doesn't belong to a build target.
WARN  code navigation does not work for the file '/home/yanjie/Documents/GitHub/Movie-Recommender-System/web-app/app/dao/ResourceHandler.scala' because it doesn't belong to a build target.
WARN  no build target: /home/yanjie/Documents/GitHub/Movie-Recommender-System/web-app/app/models/Movie.scala
WARN  no build target: /home/yanjie/Documents/GitHub/Movie-Recommender-System/web-app/app/controllers/MovieController.scala
WARN  code navigation does not work for the file '/home/yanjie/Documents/GitHub/Movie-Recommender-System/web-app/app/controllers/MovieController.scala' because it doesn't belong to a build target.
WARN  code navigation does not work for the file '/home/yanjie/Documents/GitHub/Movie-Recommender-System/web-app/app/controllers/MovieController.scala' because it doesn't belong to a build target.
WARN  code navigation does not work for the file '/home/yanjie/Documents/GitHub/Movie-Recommender-System/web-app/app/controllers/MovieController.scala' because it doesn't belong to a build target.
WARN  code navigation does not work for the file '/home/yanjie/Documents/GitHub/Movie-Recommender-System/web-app/app/controllers/MovieController.scala' because it doesn't belong to a build target.
WARN  no build target: /home/yanjie/Documents/GitHub/Movie-Recommender-System/web-app/app/controllers/MovieController.scala
WARN  no build target: /home/yanjie/Documents/GitHub/Movie-Recommender-System/web-app/app/dao/MovieDao.scala
WARN  no build target: /home/yanjie/Documents/GitHub/Movie-Recommender-System/web-app/app/dao/MovieDao.scala
WARN  code navigation does not work for the file '/home/yanjie/Documents/GitHub/Movie-Recommender-System/web-app/app/dao/MovieDao.scala' because it doesn't belong to a build target.
WARN  code navigation does not work for the file '/home/yanjie/Documents/GitHub/Movie-Recommender-System/web-app/app/dao/MovieDao.scala' because it doesn't belong to a build target.
WARN  no build target: /home/yanjie/Documents/GitHub/Movie-Recommender-System/web-app/app/dao/ResourceHandler.scala
WARN  no build target: /home/yanjie/Documents/GitHub/Movie-Recommender-System/web-app/app/dao/DataAccessObject.scala
WARN  code navigation does not work for the file '/home/yanjie/Documents/GitHub/Movie-Recommender-System/web-app/app/dao/DataAccessObject.scala' because it doesn't belong to a build target.
WARN  code navigation does not work for the file '/home/yanjie/Documents/GitHub/Movie-Recommender-System/web-app/app/dao/DataAccessObject.scala' because it doesn't belong to a build target.
WARN  code navigation does not work for the file '/home/yanjie/Documents/GitHub/Movie-Recommender-System/web-app/app/dao/DataAccessObject.scala' because it doesn't belong to a build target.
WARN  code navigation does not work for the file '/home/yanjie/Documents/GitHub/Movie-Recommender-System/web-app/app/dao/DataAccessObject.scala' because it doesn't belong to a build target.
WARN  code navigation does not work for the file '/home/yanjie/Documents/GitHub/Movie-Recommender-System/web-app/app/dao/DataAccessObject.scala' because it doesn't belong to a build target.
WARN  code navigation does not work for the file '/home/yanjie/Documents/GitHub/Movie-Recommender-System/web-app/app/dao/DataAccessObject.scala' because it doesn't belong to a build target.
WARN  no build target: /home/yanjie/Documents/GitHub/Movie-Recommender-System/web-app/app/dao/DataAccessObject.scala
WARN  code navigation does not work for the file '/home/yanjie/Documents/GitHub/Movie-Recommender-System/web-app/app/dao/MovieDao.scala' because it doesn't belong to a build target.
WARN  code navigation does not work for the file '/home/yanjie/Documents/GitHub/Movie-Recommender-System/web-app/app/dao/MovieDao.scala' because it doesn't belong to a build target.
WARN  code navigation does not work for the file '/home/yanjie/Documents/GitHub/Movie-Recommender-System/web-app/app/dao/MovieDao.scala' because it doesn't belong to a build target.
WARN  code navigation does not work for the file '/home/yanjie/Documents/GitHub/Movie-Recommender-System/web-app/app/dao/MovieDao.scala' because it doesn't belong to a build target.
WARN  no build target: /home/yanjie/Documents/GitHub/Movie-Recommender-System/web-app/app/dao/MovieDao.scala
WARN  code navigation does not work for the file '/home/yanjie/Documents/GitHub/Movie-Recommender-System/web-app/app/dao/MovieDao.scala' because it doesn't belong to a build target.
WARN  code navigation does not work for the file '/home/yanjie/Documents/GitHub/Movie-Recommender-System/web-app/app/dao/MovieDao.scala' because it doesn't belong to a build target.
WARN  code navigation does not work for the file '/home/yanjie/Documents/GitHub/Movie-Recommender-System/web-app/app/dao/MovieDao.scala' because it doesn't belong to a build target.
WARN  code navigation does not work for the file '/home/yanjie/Documents/GitHub/Movie-Recommender-System/web-app/app/dao/MovieDao.scala' because it doesn't belong to a build target.
WARN  no build target: /home/yanjie/Documents/GitHub/Movie-Recommender-System/web-app/app/dao/MovieDao.scala
WARN  code navigation does not work for the file '/home/yanjie/Documents/GitHub/Movie-Recommender-System/web-app/app/dao/MovieDao.scala' because it doesn't belong to a build target.
WARN  code navigation does not work for the file '/home/yanjie/Documents/GitHub/Movie-Recommender-System/web-app/app/dao/MovieDao.scala' because it doesn't belong to a build target.
WARN  no build target: /home/yanjie/Documents/GitHub/Movie-Recommender-System/web-app/app/dao/MovieDao.scala
WARN  no build target: /home/yanjie/Documents/GitHub/Movie-Recommender-System/web-app/app/services/MovieService.scala
WARN  no build target: /home/yanjie/Documents/GitHub/Movie-Recommender-System/web-app/app/services/MovieService.scala
WARN  no build target: /home/yanjie/Documents/GitHub/Movie-Recommender-System/web-app/app/services/MovieService.scala
WARN  no build target: /home/yanjie/Documents/GitHub/Movie-Recommender-System/web-app/app/services/MovieService.scala
Jul 29, 2019 12:06:21 PM scala.meta.internal.pc.CompilerAccess handleError
SEVERE: null
java.lang.NullPointerException
	at scala.meta.internal.pc.HoverProvider.hover(HoverProvider.scala:37)

WARN  no build target: /home/yanjie/Documents/GitHub/Movie-Recommender-System/web-app/app/services/MovieService.scala
WARN  no build target: /home/yanjie/Documents/GitHub/Movie-Recommender-System/web-app/app/services/MovieService.scala
WARN  no build target: /home/yanjie/Documents/GitHub/Movie-Recommender-System/web-app/app/services/MovieService.scala
WARN  no build target: /home/yanjie/Documents/GitHub/Movie-Recommender-System/web-app/app/services/MovieService.scala
WARN  no build target: /home/yanjie/Documents/GitHub/Movie-Recommender-System/web-app/app/services/MovieService.scala
WARN  no build target: /home/yanjie/Documents/GitHub/Movie-Recommender-System/web-app/app/services/MovieService.scala
WARN  no build target: /home/yanjie/Documents/GitHub/Movie-Recommender-System/web-app/app/services/MovieService.scala
WARN  no build target: /home/yanjie/Documents/GitHub/Movie-Recommender-System/web-app/app/services/MovieService.scala
WARN  no build target: /home/yanjie/Documents/GitHub/Movie-Recommender-System/web-app/app/services/MovieService.scala
WARN  code navigation does not work for the file '/home/yanjie/Documents/GitHub/Movie-Recommender-System/web-app/app/dao/MovieDao.scala' because it doesn't belong to a build target.
WARN  code navigation does not work for the file '/home/yanjie/Documents/GitHub/Movie-Recommender-System/web-app/app/dao/MovieDao.scala' because it doesn't belong to a build target.
WARN  no build target: /home/yanjie/Documents/GitHub/Movie-Recommender-System/web-app/app/services/MovieService.scala
WARN  no build target: /home/yanjie/Documents/GitHub/Movie-Recommender-System/web-app/app/services/MovieService.scala
WARN  no build target: /home/yanjie/Documents/GitHub/Movie-Recommender-System/web-app/app/controllers/MovieController.scala
WARN  no build target: /home/yanjie/Documents/GitHub/Movie-Recommender-System/web-app/app/controllers/MovieController.scala
WARN  no build target: /home/yanjie/Documents/GitHub/Movie-Recommender-System/web-app/app/controllers/MovieController.scala
WARN  no build target: /home/yanjie/Documents/GitHub/Movie-Recommender-System/web-app/app/controllers/MovieController.scala
WARN  no build target: /home/yanjie/Documents/GitHub/Movie-Recommender-System/web-app/app/dao/MovieDao.scala
WARN  no build target: /home/yanjie/Documents/GitHub/Movie-Recommender-System/web-app/build.sbt
WARN  no build target: /home/yanjie/Documents/GitHub/Movie-Recommender-System/web-app/build.sbt
WARN  no build target: 
WARN  no build target: /home/yanjie/Documents/GitHub/Movie-Recommender-System/web-app/build.sbt
WARN  no build target: 
INFO  skipping build import with status 'Requested'
WARN  no build target: /home/yanjie/Documents/GitHub/Movie-Recommender-System/web-app/app/models/Movie.scala
Jul 29, 2019 12:17:07 PM scala.meta.internal.pc.CompilerAccess retryWithCleanCompiler
INFO: compiler crashed due to an error in the Scala compiler, retrying with new compiler instance.
Jul 29, 2019 12:17:07 PM scala.meta.internal.pc.CompilerAccess handleError
SEVERE: null
java.lang.NullPointerException
	at scala.reflect.internal.Definitions$DefinitionsClass.isByNameParamType(Definitions.scala:416)
	at scala.reflect.internal.TreeInfo.isStableIdent(TreeInfo.scala:137)
	at scala.reflect.internal.TreeInfo.isStableIdentifier(TreeInfo.scala:113)
	at scala.reflect.internal.TreeInfo.isPath(TreeInfo.scala:102)
	at scala.reflect.internal.TreeInfo.admitsTypeSelection(TreeInfo.scala:155)
	at scala.tools.nsc.interactive.Global.stabilizedType(Global.scala:959)
	at scala.tools.nsc.interactive.Global.typedTreeAt(Global.scala:807)
	at scala.meta.internal.pc.SignatureHelpProvider.signatureHelp(SignatureHelpProvider.scala:22)

WARN  no build target: /home/yanjie/Documents/GitHub/Movie-Recommender-System/web-app/app/models/Movie.scala
WARN  no build target: /home/yanjie/Documents/GitHub/Movie-Recommender-System/web-app/app/models/Movie.scala
Jul 29, 2019 12:17:38 PM scala.meta.internal.pc.CompilerAccess handleError
SEVERE: null
java.lang.NullPointerException
	at scala.meta.internal.pc.HoverProvider.seenFromType(HoverProvider.scala:106)
	at scala.meta.internal.pc.HoverProvider.hover(HoverProvider.scala:42)

WARN  no build target: /home/yanjie/Documents/GitHub/Movie-Recommender-System/web-app/app/controllers/MovieController.scala
WARN  no build target: /home/yanjie/Documents/GitHub/Movie-Recommender-System/web-app/app/controllers/MovieController.scala
WARN  code navigation does not work for the file '/home/yanjie/Documents/GitHub/Movie-Recommender-System/web-app/app/models/Movie.scala' because it doesn't belong to a build target.
WARN  code navigation does not work for the file '/home/yanjie/Documents/GitHub/Movie-Recommender-System/web-app/app/models/Movie.scala' because it doesn't belong to a build target.
WARN  no build target: /home/yanjie/Documents/GitHub/Movie-Recommender-System/web-app/app/controllers/MovieController.scala
WARN  code navigation does not work for the file '/home/yanjie/Documents/GitHub/Movie-Recommender-System/web-app/app/controllers/MovieController.scala' because it doesn't belong to a build target.
WARN  code navigation does not work for the file '/home/yanjie/Documents/GitHub/Movie-Recommender-System/web-app/app/controllers/MovieController.scala' because it doesn't belong to a build target.
WARN  no build target: /home/yanjie/Documents/GitHub/Movie-Recommender-System/web-app/app/controllers/MovieController.scala
WARN  no build target: /home/yanjie/Documents/GitHub/Movie-Recommender-System/web-app/app/controllers/MovieController.scala
WARN  code navigation does not work for the file '/home/yanjie/Documents/GitHub/Movie-Recommender-System/web-app/app/controllers/MovieController.scala' because it doesn't belong to a build target.
WARN  code navigation does not work for the file '/home/yanjie/Documents/GitHub/Movie-Recommender-System/web-app/app/controllers/MovieController.scala' because it doesn't belong to a build target.
WARN  code navigation does not work for the file '/home/yanjie/Documents/GitHub/Movie-Recommender-System/web-app/app/controllers/MovieController.scala' because it doesn't belong to a build target.
WARN  code navigation does not work for the file '/home/yanjie/Documents/GitHub/Movie-Recommender-System/web-app/app/controllers/MovieController.scala' because it doesn't belong to a build target.
WARN  code navigation does not work for the file '/home/yanjie/Documents/GitHub/Movie-Recommender-System/web-app/app/controllers/MovieController.scala' because it doesn't belong to a build target.
WARN  code navigation does not work for the file '/home/yanjie/Documents/GitHub/Movie-Recommender-System/web-app/app/controllers/MovieController.scala' because it doesn't belong to a build target.
WARN  no build target: /home/yanjie/Documents/GitHub/Movie-Recommender-System/web-app/app/controllers/MovieController.scala
WARN  no build target: /home/yanjie/Documents/GitHub/Movie-Recommender-System/web-app/app/controllers/MovieController.scala
Jul 29, 2019 12:24:20 PM org.eclipse.lsp4j.jsonrpc.RemoteEndpoint handleCancellation
WARNING: Unmatched cancel notification for request id 1526
WARN  code navigation does not work for the file '/home/yanjie/Documents/GitHub/Movie-Recommender-System/web-app/app/controllers/MovieController.scala' because it doesn't belong to a build target.
WARN  code navigation does not work for the file '/home/yanjie/Documents/GitHub/Movie-Recommender-System/web-app/app/controllers/MovieController.scala' because it doesn't belong to a build target.
WARN  code navigation does not work for the file '/home/yanjie/Documents/GitHub/Movie-Recommender-System/web-app/app/controllers/MovieController.scala' because it doesn't belong to a build target.
WARN  code navigation does not work for the file '/home/yanjie/Documents/GitHub/Movie-Recommender-System/web-app/app/controllers/MovieController.scala' because it doesn't belong to a build target.
WARN  code navigation does not work for the file '/home/yanjie/Documents/GitHub/Movie-Recommender-System/web-app/app/controllers/MovieController.scala' because it doesn't belong to a build target.
WARN  code navigation does not work for the file '/home/yanjie/Documents/GitHub/Movie-Recommender-System/web-app/app/controllers/MovieController.scala' because it doesn't belong to a build target.
WARN  code navigation does not work for the file '/home/yanjie/Documents/GitHub/Movie-Recommender-System/web-app/app/controllers/MovieController.scala' because it doesn't belong to a build target.
WARN  code navigation does not work for the file '/home/yanjie/Documents/GitHub/Movie-Recommender-System/web-app/app/controllers/MovieController.scala' because it doesn't belong to a build target.
WARN  code navigation does not work for the file '/home/yanjie/Documents/GitHub/Movie-Recommender-System/web-app/app/controllers/MovieController.scala' because it doesn't belong to a build target.
WARN  code navigation does not work for the file '/home/yanjie/Documents/GitHub/Movie-Recommender-System/web-app/app/controllers/MovieController.scala' because it doesn't belong to a build target.
WARN  no build target: /home/yanjie/Documents/GitHub/Movie-Recommender-System/web-app/app/controllers/MovieController.scala
WARN  no build target: /home/yanjie/Documents/GitHub/Movie-Recommender-System/web-app/app/controllers/MovieController.scala
WARN  no build target: /home/yanjie/Documents/GitHub/Movie-Recommender-System/web-app/app/controllers/MovieController.scala
WARN  code navigation does not work for the file '/home/yanjie/Documents/GitHub/Movie-Recommender-System/web-app/app/controllers/MovieController.scala' because it doesn't belong to a build target.
WARN  code navigation does not work for the file '/home/yanjie/Documents/GitHub/Movie-Recommender-System/web-app/app/controllers/MovieController.scala' because it doesn't belong to a build target.
WARN  code navigation does not work for the file '/home/yanjie/Documents/GitHub/Movie-Recommender-System/web-app/app/controllers/MovieController.scala' because it doesn't belong to a build target.
WARN  code navigation does not work for the file '/home/yanjie/Documents/GitHub/Movie-Recommender-System/web-app/app/controllers/MovieController.scala' because it doesn't belong to a build target.
WARN  no build target: /home/yanjie/Documents/GitHub/Movie-Recommender-System/web-app/app/controllers/MovieController.scala
INFO  shutting down Metals
INFO  time: initialize in 0.87s
INFO  skipping build import with status 'Requested'
